0 info it worked if it ends with ok
1 verbose cli [ '/usr/local/Cellar/node/7.2.0/bin/node',
1 verbose cli   '/usr/local/bin/npm',
1 verbose cli   'run',
1 verbose cli   'build:prod' ]
2 info using npm@3.10.9
3 info using node@v7.2.0
4 verbose stack Error: ENOENT: no such file or directory, open '/Users/rmfagundes/Documents/Projetos/Pessoal/github/intrisk-angular2/package.json'
5 verbose cwd /Users/rmfagundes/Documents/Projetos/Pessoal/github/intrisk-angular2
6 error Darwin 16.1.0
7 error argv "/usr/local/Cellar/node/7.2.0/bin/node" "/usr/local/bin/npm" "run" "build:prod"
8 error node v7.2.0
9 error npm  v3.10.9
10 error path /Users/rmfagundes/Documents/Projetos/Pessoal/github/intrisk-angular2/package.json
11 error code ENOENT
12 error errno -2
13 error syscall open
14 error enoent ENOENT: no such file or directory, open '/Users/rmfagundes/Documents/Projetos/Pessoal/github/intrisk-angular2/package.json'
15 error enoent ENOENT: no such file or directory, open '/Users/rmfagundes/Documents/Projetos/Pessoal/github/intrisk-angular2/package.json'
15 error enoent This is most likely not a problem with npm itself
15 error enoent and is related to npm not being able to find a file.
16 verbose exit [ -2, true ]
